00000000000i[      ] Bochs x86 Emulator 2.6.11
00000000000i[      ]   Built from SVN snapshot on January 5, 2020
00000000000i[      ]   Timestamp: Sun Jan  5 08:36:00 CET 2020
00000000000i[      ] System configuration
00000000000i[      ]   processors: 1 (cores=1, HT threads=1)
00000000000i[      ]   A20 line support: yes
00000000000i[      ] IPS is set to 4000000
00000000000i[      ] CPU configuration
00000000000i[      ]   SMP support: no
00000000000i[      ]   level: 6
00000000000i[      ]   APIC support: xapic
00000000000i[      ]   FPU support: yes
00000000000i[      ]   MMX support: yes
00000000000i[      ]   3dnow! support: no
00000000000i[      ]   SEP support: yes
00000000000i[      ]   SIMD support: sse2
00000000000i[      ]   XSAVE support: no 
00000000000i[      ]   AES support: no
00000000000i[      ]   SHA support: no
00000000000i[      ]   MOVBE support: no
00000000000i[      ]   ADX support: no
00000000000i[      ]   x86-64 support: no
00000000000i[      ]   MWAIT support: yes
00000000000i[      ] Optimization configuration
00000000000i[      ]   RepeatSpeedups support: no
00000000000i[      ]   Fast function calls: no
00000000000i[      ]   Handlers Chaining speedups: no
00000000000i[      ] Devices configuration
00000000000i[      ]   PCI support: i440FX i430FX i440BX
00000000000i[      ]   Networking: no
00000000000i[      ]   Sound support: no
00000000000i[      ]   USB support: no
00000000000i[      ]   VGA extension support: vbe
00000000000i[MEM0  ] allocated memory at 0x7fc3b2acf010. after alignment, vector=0x7fc3b2ad0000
00000000000i[MEM0  ] 32.00MB
00000000000i[MEM0  ] mem block size = 0x00020000, blocks=256
00000000000i[MEM0  ] rom at 0xfffe0000/131072 ('/home/jxb/bochs/share/bochs/BIOS-bochs-latest')
00000000000i[PLUGIN] init_dev of 'pci' plugin device by virtual method
00000000000i[DEV   ] i440FX PMC present at device 0, function 0
00000000000i[PLUGIN] init_dev of 'pci2isa' plugin device by virtual method
00000000000i[DEV   ] PIIX3 PCI-to-ISA bridge present at device 1, function 0
00000000000i[PLUGIN] init_dev of 'cmos' plugin device by virtual method
00000000000i[CMOS  ] Using local time for initial clock
00000000000i[CMOS  ] Setting initial clock to: Wed Mar  4 20:01:16 2020 (time0=1583323276)
00000000000i[PLUGIN] init_dev of 'dma' plugin device by virtual method
00000000000i[DMA   ] channel 4 used by cascade
00000000000i[PLUGIN] init_dev of 'pic' plugin device by virtual method
00000000000i[PLUGIN] init_dev of 'pit' plugin device by virtual method
00000000000i[PLUGIN] init_dev of 'vga' plugin device by virtual method
00000000000i[MEM0  ] Register memory access handlers: 0x0000000a0000 - 0x0000000bffff
00000000000i[VGA   ] interval=200000, mode=realtime
00000000000i[VGA   ] VSYNC using standard mode
00000000000i[MEM0  ] Register memory access handlers: 0x0000e0000000 - 0x0000e0ffffff
00000000000i[BXVGA ] VBE Bochs Display Extension Enabled
00000000000i[XGUI  ] test_alloc_colors: 16 colors available out of 16 colors tried
00000000000i[XGUI  ] font 8 wide x 16 high, display depth = 24
00000000000i[KEYMAP] Loading keymap from '/home/jxb/bochs/share/bochs/keymaps/x11-pc-us.map'
00000000000i[KEYMAP] Loaded 168 symbols
00000000000i[MEM0  ] rom at 0xc0000/41984 ('/home/jxb/bochs/share/bochs/VGABIOS-lgpl-latest')
00000000000i[PLUGIN] init_dev of 'floppy' plugin device by virtual method
00000000000i[DMA   ] channel 2 used by Floppy Drive
00000000000i[FLOPPY] Using boot sequence disk, none, none
00000000000i[FLOPPY] Floppy boot signature check is enabled
00000000000i[PLUGIN] init_dev of 'acpi' plugin device by virtual method
00000000000i[DEV   ] ACPI Controller present at device 1, function 3
00000000000i[PLUGIN] init_dev of 'hpet' plugin device by virtual method
00000000000i[HPET  ] initializing HPET
00000000000i[MEM0  ] Register memory access handlers: 0x0000fed00000 - 0x0000fed003ff
00000000000i[PLUGIN] init_dev of 'ioapic' plugin device by virtual method
00000000000i[IOAPIC] initializing I/O APIC
00000000000i[MEM0  ] Register memory access handlers: 0x0000fec00000 - 0x0000fec00fff
00000000000i[IOAPIC] IOAPIC enabled (base address = 0xfec00000)
00000000000i[PLUGIN] init_dev of 'keyboard' plugin device by virtual method
00000000000i[KBD   ] will paste characters every 400 keyboard ticks
00000000000i[PLUGIN] init_dev of 'harddrv' plugin device by virtual method
00000000000i[HD    ] HD on ata0-0: '/home/jxb/bochs/bin/hd60M.img', 'flat' mode
00000000000i[IMG   ] hd_size: 62447616
00000000000i[HD    ] ata0-0: autodetect geometry: CHS=121/16/63 (sector size=512)
00000000000i[HD    ] translation on ata0-0 set to 'none'
00000000000i[PLUGIN] init_dev of 'pci_ide' plugin device by virtual method
00000000000i[DEV   ] PIIX3 PCI IDE controller present at device 1, function 1
00000000000i[PLUGIN] init_dev of 'unmapped' plugin device by virtual method
00000000000i[PLUGIN] init_dev of 'biosdev' plugin device by virtual method
00000000000i[PLUGIN] init_dev of 'speaker' plugin device by virtual method
00000000000e[PCSPK ] Failed to open /dev/console: 权限不够
00000000000e[PCSPK ] Deactivating beep on console
00000000000i[PLUGIN] init_dev of 'extfpuirq' plugin device by virtual method
00000000000i[PLUGIN] init_dev of 'parallel' plugin device by virtual method
00000000000i[PAR   ] parallel port 1 at 0x0378 irq 7
00000000000i[PLUGIN] init_dev of 'serial' plugin device by virtual method
00000000000i[SER   ] com1 at 0x03f8 irq 4 (mode: null)
00000000000i[PLUGIN] init_dev of 'iodebug' plugin device by virtual method
00000000000i[PLUGIN] register state of 'pci' plugin device by virtual method
00000000000i[PLUGIN] register state of 'pci2isa' plugin device by virtual method
00000000000i[PLUGIN] register state of 'cmos' plugin device by virtual method
00000000000i[PLUGIN] register state of 'dma' plugin device by virtual method
00000000000i[PLUGIN] register state of 'pic' plugin device by virtual method
00000000000i[PLUGIN] register state of 'pit' plugin device by virtual method
00000000000i[PLUGIN] register state of 'vga' plugin device by virtual method
00000000000i[PLUGIN] register state of 'floppy' plugin device by virtual method
00000000000i[PLUGIN] register state of 'unmapped' plugin device by virtual method
00000000000i[PLUGIN] register state of 'biosdev' plugin device by virtual method
00000000000i[PLUGIN] register state of 'speaker' plugin device by virtual method
00000000000i[PLUGIN] register state of 'extfpuirq' plugin device by virtual method
00000000000i[PLUGIN] register state of 'parallel' plugin device by virtual method
00000000000i[PLUGIN] register state of 'serial' plugin device by virtual method
00000000000i[PLUGIN] register state of 'iodebug' plugin device by virtual method
00000000000i[PLUGIN] register state of 'acpi' plugin device by virtual method
00000000000i[PLUGIN] register state of 'hpet' plugin device by virtual method
00000000000i[PLUGIN] register state of 'ioapic' plugin device by virtual method
00000000000i[PLUGIN] register state of 'keyboard' plugin device by virtual method
00000000000i[PLUGIN] register state of 'harddrv' plugin device by virtual method
00000000000i[PLUGIN] register state of 'pci_ide' plugin device by virtual method
00000000000i[SYS   ] bx_pc_system_c::Reset(HARDWARE) called
00000000000i[CPU0  ] cpu hardware reset
00000000000i[APIC0 ] allocate APIC id=0 (MMIO enabled) to 0x0000fee00000
00000000000i[CPU0  ] CPUID[0x00000000]: 00000005 756e6547 6c65746e 49656e69
00000000000i[CPU0  ] CPUID[0x00000001]: 00000633 00010800 00000008 1fcbfbff
00000000000i[CPU0  ] CPUID[0x00000002]: 00410601 00000000 00000000 00000000
00000000000i[CPU0  ] CPUID[0x00000003]: 00000000 00000000 00000000 00000000
00000000000i[CPU0  ] CPUID[0x00000004]: 00000000 00000000 00000000 00000000
00000000000i[CPU0  ] CPUID[0x00000005]: 00000040 00000040 00000003 00000020
00000000000i[CPU0  ] CPUID[0x80000000]: 80000008 00000000 00000000 00000000
00000000000i[CPU0  ] CPUID[0x80000001]: 00000000 00000000 00000000 00000000
00000000000i[CPU0  ] CPUID[0x80000002]: 20202020 20202020 20202020 6e492020
00000000000i[CPU0  ] CPUID[0x80000003]: 286c6574 50202952 69746e65 52286d75
00000000000i[CPU0  ] CPUID[0x80000004]: 20342029 20555043 20202020 00202020
00000000000i[CPU0  ] CPUID[0x80000005]: 01ff01ff 01ff01ff 40020140 40020140
00000000000i[CPU0  ] CPUID[0x80000006]: 00000000 42004200 02008140 00000000
00000000000i[CPU0  ] CPUID[0x80000007]: 00000000 00000000 00000000 00000000
00000000000i[CPU0  ] CPUID[0x80000008]: 00002028 00000000 00000000 00000000
00000000000i[CPU0  ] CPU Features supported:
00000000000i[CPU0  ] 		x87
00000000000i[CPU0  ] 		486ni
00000000000i[CPU0  ] 		pentium_ni
00000000000i[CPU0  ] 		p6ni
00000000000i[CPU0  ] 		mmx
00000000000i[CPU0  ] 		debugext
00000000000i[CPU0  ] 		vme
00000000000i[CPU0  ] 		pse
00000000000i[CPU0  ] 		pae
00000000000i[CPU0  ] 		pge
00000000000i[CPU0  ] 		pse36
00000000000i[CPU0  ] 		mtrr
00000000000i[CPU0  ] 		pat
00000000000i[CPU0  ] 		sysenter_sysexit
00000000000i[CPU0  ] 		clflush
00000000000i[CPU0  ] 		sse
00000000000i[CPU0  ] 		sse2
00000000000i[CPU0  ] 		mwait
00000000000i[CPU0  ] 		xapic
00000000000i[PLUGIN] reset of 'pci' plugin device by virtual method
00000000000i[PLUGIN] reset of 'pci2isa' plugin device by virtual method
00000000000i[PLUGIN] reset of 'cmos' plugin device by virtual method
00000000000i[PLUGIN] reset of 'dma' plugin device by virtual method
00000000000i[PLUGIN] reset of 'pic' plugin device by virtual method
00000000000i[PLUGIN] reset of 'pit' plugin device by virtual method
00000000000i[PLUGIN] reset of 'vga' plugin device by virtual method
00000000000i[PLUGIN] reset of 'floppy' plugin device by virtual method
00000000000i[PLUGIN] reset of 'acpi' plugin device by virtual method
00000000000i[PLUGIN] reset of 'hpet' plugin device by virtual method
00000000000i[PLUGIN] reset of 'ioapic' plugin device by virtual method
00000000000i[PLUGIN] reset of 'keyboard' plugin device by virtual method
00000000000i[PLUGIN] reset of 'harddrv' plugin device by virtual method
00000000000i[PLUGIN] reset of 'pci_ide' plugin device by virtual method
00000000000i[PLUGIN] reset of 'unmapped' plugin device by virtual method
00000000000i[PLUGIN] reset of 'biosdev' plugin device by virtual method
00000000000i[PLUGIN] reset of 'speaker' plugin device by virtual method
00000000000i[PLUGIN] reset of 'extfpuirq' plugin device by virtual method
00000000000i[PLUGIN] reset of 'parallel' plugin device by virtual method
00000000000i[PLUGIN] reset of 'serial' plugin device by virtual method
00000000000i[PLUGIN] reset of 'iodebug' plugin device by virtual method
00000000000i[      ] set SIGINT handler to bx_debug_ctrlc_handler
00000004662i[BIOS  ] $Revision: 13752 $ $Date: 2019-12-30 14:16:18 +0100 (Mon, 30 Dec 2019) $
00000318065i[KBD   ] reset-disable command received
00000320804i[BIOS  ] Starting rombios32
00000321242i[BIOS  ] Shutdown flag 0
00000321832i[BIOS  ] ram_size=0x02000000
00000322254i[BIOS  ] ram_end=32MB
00000362778i[BIOS  ] Found 1 cpu(s)
00000376430i[BIOS  ] bios_table_addr: 0x000f9db8 end=0x000fcc00
00000606160i[XGUI  ] charmap update. Font is 9 x 16
00000704251i[PCI   ] i440FX PMC write to PAM register 59 (TLB Flush)
00001032181i[P2ISA ] PCI IRQ routing: PIRQA# set to 0x0b
00001032200i[P2ISA ] PCI IRQ routing: PIRQB# set to 0x09
00001032219i[P2ISA ] PCI IRQ routing: PIRQC# set to 0x0b
00001032238i[P2ISA ] PCI IRQ routing: PIRQD# set to 0x09
00001032248i[P2ISA ] write: ELCR2 = 0x0a
00001033018i[BIOS  ] PIIX3/PIIX4 init: elcr=00 0a
00001046642i[BIOS  ] PCI: bus=0 devfn=0x00: vendor_id=0x8086 device_id=0x1237 class=0x0600
00001048955i[BIOS  ] PCI: bus=0 devfn=0x08: vendor_id=0x8086 device_id=0x7000 class=0x0601
00001051107i[BIOS  ] PCI: bus=0 devfn=0x09: vendor_id=0x8086 device_id=0x7010 class=0x0101
00001051342i[PIDE  ] BAR #4: i/o base address = 0xc000
00001051958i[BIOS  ] region 4: 0x0000c000
00001054023i[BIOS  ] PCI: bus=0 devfn=0x0b: vendor_id=0x8086 device_id=0x7113 class=0x0680
00001054267i[ACPI  ] new IRQ line = 11
00001054281i[ACPI  ] new IRQ line = 9
00001054308i[ACPI  ] new PM base address: 0xb000
00001054322i[ACPI  ] new SM base address: 0xb100
00001054350i[PCI   ] setting SMRAM control register to 0x4a
00001218443i[CPU0  ] Enter to System Management Mode
00001218454i[CPU0  ] RSM: Resuming from System Management Mode
00001382475i[PCI   ] setting SMRAM control register to 0x0a
00001409149i[BIOS  ] MP table addr=0x000f9e90 MPC table addr=0x000f9dc0 size=0xc8
00001411020i[BIOS  ] SMBIOS table addr=0x000f9ea0
00001413206i[BIOS  ] ACPI tables: RSDP addr=0x000f9fd0 ACPI DATA addr=0x01ff0000 size=0xff8
00001416453i[BIOS  ] Firmware waking vector 0x1ff00cc
00001418933i[PCI   ] i440FX PMC write to PAM register 59 (TLB Flush)
00001419656i[BIOS  ] bios_table_cur_addr: 0x000f9ff4
00001548527i[VBIOS ] VGABios $Id: vgabios.c 226 2020-01-02 21:36:23Z vruppert $
00001548598i[BXVGA ] VBE known Display Interface b0c0
00001548630i[BXVGA ] VBE known Display Interface b0c5
00001551273i[VBIOS ] VBE Bios $Id: vbe.c 228 2020-01-02 23:09:02Z vruppert $
00001899112i[BIOS  ] ata0-0: PCHS=121/16/63 translation=none LCHS=121/16/63
00002047072i[XGUI  ] charmap update. Font is 9 x 16
00005346290i[BIOS  ] IDE time out
00017404781i[BIOS  ] Booting from 0000:7c00
00017623584e[CPU0  ] interrupt(): gate descriptor is not valid sys seg (vector=0x0e)
00017623584e[CPU0  ] interrupt(): gate descriptor is not valid sys seg (vector=0x08)
00017623584i[CPU0  ] CPU is in protected mode (active)
00017623584i[CPU0  ] CS.mode = 32 bit
00017623584i[CPU0  ] SS.mode = 32 bit
00017623584i[CPU0  ] EFER   = 0x00000000
00017623584i[CPU0  ] | EAX=e0000011  EBX=00170000  ECX=ffffffff  EDX=00100000
00017623584i[CPU0  ] | ESP=c00008ec  EBP=00000000  ESI=00000400  EDI=000003f8
00017623584i[CPU0  ] | IOPL=0 id vip vif ac vm RF nt of df if tf sf zf af PF cf
00017623584i[CPU0  ] | SEG sltr(index|ti|rpl)     base    limit G D
00017623584i[CPU0  ] |  CS:0008( 0001| 0|  0) 00000000 f0000fff 1 1
00017623584i[CPU0  ] |  DS:0010( 0002| 0|  0) 00000000 f0000fff 1 1
00017623584i[CPU0  ] |  SS:0010( 0002| 0|  0) 00000000 f0000fff 1 1
00017623584i[CPU0  ] |  ES:0010( 0002| 0|  0) 00000000 f0000fff 1 1
00017623584i[CPU0  ] |  FS:0000( 0005| 0|  0) 00000000 0000ffff 0 0
00017623584i[CPU0  ] |  GS:0018( 0003| 0|  0) 000b8000 00007fff 1 1
00017623584i[CPU0  ] | EIP=00000df5 (00000df5)
00017623584i[CPU0  ] | CR0=0xe0000011 CR2=0x00170000
00017623584i[CPU0  ] | CR3=0x00100000 CR4=0x00000000
00017623584e[CPU0  ] exception(): 3rd (13) exception with no resolution, shutdown status is 00h, resetting
00017623584i[SYS   ] bx_pc_system_c::Reset(HARDWARE) called
00017623584i[CPU0  ] cpu hardware reset
00017623584i[APIC0 ] allocate APIC id=0 (MMIO enabled) to 0x0000fee00000
00017623584i[CPU0  ] CPUID[0x00000000]: 00000005 756e6547 6c65746e 49656e69
00017623584i[CPU0  ] CPUID[0x00000001]: 00000633 00010800 00000008 1fcbfbff
00017623584i[CPU0  ] CPUID[0x00000002]: 00410601 00000000 00000000 00000000
00017623584i[CPU0  ] CPUID[0x00000003]: 00000000 00000000 00000000 00000000
00017623584i[CPU0  ] CPUID[0x00000004]: 00000000 00000000 00000000 00000000
00017623584i[CPU0  ] CPUID[0x00000005]: 00000040 00000040 00000003 00000020
00017623584i[CPU0  ] CPUID[0x80000000]: 80000008 00000000 00000000 00000000
00017623584i[CPU0  ] CPUID[0x80000001]: 00000000 00000000 00000000 00000000
00017623584i[CPU0  ] CPUID[0x80000002]: 20202020 20202020 20202020 6e492020
00017623584i[CPU0  ] CPUID[0x80000003]: 286c6574 50202952 69746e65 52286d75
00017623584i[CPU0  ] CPUID[0x80000004]: 20342029 20555043 20202020 00202020
00017623584i[CPU0  ] CPUID[0x80000005]: 01ff01ff 01ff01ff 40020140 40020140
00017623584i[CPU0  ] CPUID[0x80000006]: 00000000 42004200 02008140 00000000
00017623584i[CPU0  ] CPUID[0x80000007]: 00000000 00000000 00000000 00000000
00017623584i[CPU0  ] CPUID[0x80000008]: 00002028 00000000 00000000 00000000
00017623584i[CPU0  ] CPU Features supported:
00017623584i[CPU0  ] 		x87
00017623584i[CPU0  ] 		486ni
00017623584i[CPU0  ] 		pentium_ni
00017623584i[CPU0  ] 		p6ni
00017623584i[CPU0  ] 		mmx
00017623584i[CPU0  ] 		debugext
00017623584i[CPU0  ] 		vme
00017623584i[CPU0  ] 		pse
00017623584i[CPU0  ] 		pae
00017623584i[CPU0  ] 		pge
00017623584i[CPU0  ] 		pse36
00017623584i[CPU0  ] 		mtrr
00017623584i[CPU0  ] 		pat
00017623584i[CPU0  ] 		sysenter_sysexit
00017623584i[CPU0  ] 		clflush
00017623584i[CPU0  ] 		sse
00017623584i[CPU0  ] 		sse2
00017623584i[CPU0  ] 		mwait
00017623584i[CPU0  ] 		xapic
00017623584i[PLUGIN] reset of 'pci' plugin device by virtual method
00017623584i[PLUGIN] reset of 'pci2isa' plugin device by virtual method
00017623584i[PLUGIN] reset of 'cmos' plugin device by virtual method
00017623584i[PLUGIN] reset of 'dma' plugin device by virtual method
00017623584i[PLUGIN] reset of 'pic' plugin device by virtual method
00017623584i[PLUGIN] reset of 'pit' plugin device by virtual method
00017623584i[PLUGIN] reset of 'vga' plugin device by virtual method
00017623584i[PLUGIN] reset of 'floppy' plugin device by virtual method
00017623584i[PLUGIN] reset of 'acpi' plugin device by virtual method
00017623584i[PLUGIN] reset of 'hpet' plugin device by virtual method
00017623584i[PLUGIN] reset of 'ioapic' plugin device by virtual method
00017623584i[PLUGIN] reset of 'keyboard' plugin device by virtual method
00017623584i[PLUGIN] reset of 'harddrv' plugin device by virtual method
00017623584i[PLUGIN] reset of 'pci_ide' plugin device by virtual method
00017623584i[PLUGIN] reset of 'unmapped' plugin device by virtual method
00017623584i[PLUGIN] reset of 'biosdev' plugin device by virtual method
00017623584i[PLUGIN] reset of 'speaker' plugin device by virtual method
00017623584i[PLUGIN] reset of 'extfpuirq' plugin device by virtual method
00017623584i[PLUGIN] reset of 'parallel' plugin device by virtual method
00017623584i[PLUGIN] reset of 'serial' plugin device by virtual method
00017623584i[PLUGIN] reset of 'iodebug' plugin device by virtual method
00017628247i[BIOS  ] $Revision: 13752 $ $Date: 2019-12-30 14:16:18 +0100 (Mon, 30 Dec 2019) $
00017942053i[KBD   ] reset-disable command received
00017944830i[BIOS  ] Starting rombios32
00017945268i[BIOS  ] Shutdown flag 0
00017945858i[BIOS  ] ram_size=0x02000000
00017946280i[BIOS  ] ram_end=32MB
00017986822i[BIOS  ] Found 1 cpu(s)
00018000474i[BIOS  ] bios_table_addr: 0x000f9db8 end=0x000fcc00
00018328295i[PCI   ] i440FX PMC write to PAM register 59 (TLB Flush)
00018656225i[P2ISA ] PCI IRQ routing: PIRQA# set to 0x0b
00018656244i[P2ISA ] PCI IRQ routing: PIRQB# set to 0x09
00018656263i[P2ISA ] PCI IRQ routing: PIRQC# set to 0x0b
00018656282i[P2ISA ] PCI IRQ routing: PIRQD# set to 0x09
00018656292i[P2ISA ] write: ELCR2 = 0x0a
00018657062i[BIOS  ] PIIX3/PIIX4 init: elcr=00 0a
00018670686i[BIOS  ] PCI: bus=0 devfn=0x00: vendor_id=0x8086 device_id=0x1237 class=0x0600
00018672999i[BIOS  ] PCI: bus=0 devfn=0x08: vendor_id=0x8086 device_id=0x7000 class=0x0601
00018675151i[BIOS  ] PCI: bus=0 devfn=0x09: vendor_id=0x8086 device_id=0x7010 class=0x0101
00018676002i[BIOS  ] region 4: 0x0000c000
00018678067i[BIOS  ] PCI: bus=0 devfn=0x0b: vendor_id=0x8086 device_id=0x7113 class=0x0680
00018678311i[ACPI  ] new IRQ line = 11
00018678325i[ACPI  ] new IRQ line = 9
00018678394i[PCI   ] setting SMRAM control register to 0x4a
00018842487i[CPU0  ] Enter to System Management Mode
00018842498i[CPU0  ] RSM: Resuming from System Management Mode
00019006519i[PCI   ] setting SMRAM control register to 0x0a
00019033193i[BIOS  ] MP table addr=0x000f9e90 MPC table addr=0x000f9dc0 size=0xc8
00019035064i[BIOS  ] SMBIOS table addr=0x000f9ea0
00019037250i[BIOS  ] ACPI tables: RSDP addr=0x000f9fd0 ACPI DATA addr=0x01ff0000 size=0xff8
00019040497i[BIOS  ] Firmware waking vector 0x1ff00cc
00019042977i[PCI   ] i440FX PMC write to PAM register 59 (TLB Flush)
00019043700i[BIOS  ] bios_table_cur_addr: 0x000f9ff4
00019172571i[VBIOS ] VGABios $Id: vgabios.c 226 2020-01-02 21:36:23Z vruppert $
00019172642i[BXVGA ] VBE known Display Interface b0c0
00019172674i[BXVGA ] VBE known Display Interface b0c5
00019175317i[VBIOS ] VBE Bios $Id: vbe.c 228 2020-01-02 23:09:02Z vruppert $
00019523156i[BIOS  ] ata0-0: PCHS=121/16/63 translation=none LCHS=121/16/63
00022236256i[XGUI  ] charmap update. Font is 9 x 16
00022970334i[BIOS  ] IDE time out
00035008389i[BIOS  ] Booting from 0000:7c00
00035227192e[CPU0  ] interrupt(): gate descriptor is not valid sys seg (vector=0x0e)
00035227192e[CPU0  ] interrupt(): gate descriptor is not valid sys seg (vector=0x08)
00035227192i[CPU0  ] CPU is in protected mode (active)
00035227192i[CPU0  ] CS.mode = 32 bit
00035227192i[CPU0  ] SS.mode = 32 bit
00035227192i[CPU0  ] EFER   = 0x00000000
00035227192i[CPU0  ] | EAX=e0000011  EBX=00170000  ECX=ffffffff  EDX=00100000
00035227192i[CPU0  ] | ESP=c00008ec  EBP=00000000  ESI=00000400  EDI=000003f8
00035227192i[CPU0  ] | IOPL=0 id vip vif ac vm RF nt of df if tf sf zf af PF cf
00035227192i[CPU0  ] | SEG sltr(index|ti|rpl)     base    limit G D
00035227192i[CPU0  ] |  CS:0008( 0001| 0|  0) 00000000 f0000fff 1 1
00035227192i[CPU0  ] |  DS:0010( 0002| 0|  0) 00000000 f0000fff 1 1
00035227192i[CPU0  ] |  SS:0010( 0002| 0|  0) 00000000 f0000fff 1 1
00035227192i[CPU0  ] |  ES:0010( 0002| 0|  0) 00000000 f0000fff 1 1
00035227192i[CPU0  ] |  FS:0000( 0005| 0|  0) 00000000 0000ffff 0 0
00035227192i[CPU0  ] |  GS:0018( 0003| 0|  0) 000b8000 00007fff 1 1
00035227192i[CPU0  ] | EIP=00000df5 (00000df5)
00035227192i[CPU0  ] | CR0=0xe0000011 CR2=0x00170000
00035227192i[CPU0  ] | CR3=0x00100000 CR4=0x00000000
00035227192e[CPU0  ] exception(): 3rd (13) exception with no resolution, shutdown status is 00h, resetting
00035227192i[SYS   ] bx_pc_system_c::Reset(HARDWARE) called
00035227192i[CPU0  ] cpu hardware reset
00035227192i[APIC0 ] allocate APIC id=0 (MMIO enabled) to 0x0000fee00000
00035227192i[CPU0  ] CPUID[0x00000000]: 00000005 756e6547 6c65746e 49656e69
00035227192i[CPU0  ] CPUID[0x00000001]: 00000633 00010800 00000008 1fcbfbff
00035227192i[CPU0  ] CPUID[0x00000002]: 00410601 00000000 00000000 00000000
00035227192i[CPU0  ] CPUID[0x00000003]: 00000000 00000000 00000000 00000000
00035227192i[CPU0  ] CPUID[0x00000004]: 00000000 00000000 00000000 00000000
00035227192i[CPU0  ] CPUID[0x00000005]: 00000040 00000040 00000003 00000020
00035227192i[CPU0  ] CPUID[0x80000000]: 80000008 00000000 00000000 00000000
00035227192i[CPU0  ] CPUID[0x80000001]: 00000000 00000000 00000000 00000000
00035227192i[CPU0  ] CPUID[0x80000002]: 20202020 20202020 20202020 6e492020
00035227192i[CPU0  ] CPUID[0x80000003]: 286c6574 50202952 69746e65 52286d75
00035227192i[CPU0  ] CPUID[0x80000004]: 20342029 20555043 20202020 00202020
00035227192i[CPU0  ] CPUID[0x80000005]: 01ff01ff 01ff01ff 40020140 40020140
00035227192i[CPU0  ] CPUID[0x80000006]: 00000000 42004200 02008140 00000000
00035227192i[CPU0  ] CPUID[0x80000007]: 00000000 00000000 00000000 00000000
00035227192i[CPU0  ] CPUID[0x80000008]: 00002028 00000000 00000000 00000000
00035227192i[CPU0  ] CPU Features supported:
00035227192i[CPU0  ] 		x87
00035227192i[CPU0  ] 		486ni
00035227192i[CPU0  ] 		pentium_ni
00035227192i[CPU0  ] 		p6ni
00035227192i[CPU0  ] 		mmx
00035227192i[CPU0  ] 		debugext
00035227192i[CPU0  ] 		vme
00035227192i[CPU0  ] 		pse
00035227192i[CPU0  ] 		pae
00035227192i[CPU0  ] 		pge
00035227192i[CPU0  ] 		pse36
00035227192i[CPU0  ] 		mtrr
00035227192i[CPU0  ] 		pat
00035227192i[CPU0  ] 		sysenter_sysexit
00035227192i[CPU0  ] 		clflush
00035227192i[CPU0  ] 		sse
00035227192i[CPU0  ] 		sse2
00035227192i[CPU0  ] 		mwait
00035227192i[CPU0  ] 		xapic
00035227192i[PLUGIN] reset of 'pci' plugin device by virtual method
00035227192i[PLUGIN] reset of 'pci2isa' plugin device by virtual method
00035227192i[PLUGIN] reset of 'cmos' plugin device by virtual method
00035227192i[PLUGIN] reset of 'dma' plugin device by virtual method
00035227192i[PLUGIN] reset of 'pic' plugin device by virtual method
00035227192i[PLUGIN] reset of 'pit' plugin device by virtual method
00035227192i[PLUGIN] reset of 'vga' plugin device by virtual method
00035227192i[PLUGIN] reset of 'floppy' plugin device by virtual method
00035227192i[PLUGIN] reset of 'acpi' plugin device by virtual method
00035227192i[PLUGIN] reset of 'hpet' plugin device by virtual method
00035227192i[PLUGIN] reset of 'ioapic' plugin device by virtual method
00035227192i[PLUGIN] reset of 'keyboard' plugin device by virtual method
00035227192i[PLUGIN] reset of 'harddrv' plugin device by virtual method
00035227192i[PLUGIN] reset of 'pci_ide' plugin device by virtual method
00035227192i[PLUGIN] reset of 'unmapped' plugin device by virtual method
00035227192i[PLUGIN] reset of 'biosdev' plugin device by virtual method
00035227192i[PLUGIN] reset of 'speaker' plugin device by virtual method
00035227192i[PLUGIN] reset of 'extfpuirq' plugin device by virtual method
00035227192i[PLUGIN] reset of 'parallel' plugin device by virtual method
00035227192i[PLUGIN] reset of 'serial' plugin device by virtual method
00035227192i[PLUGIN] reset of 'iodebug' plugin device by virtual method
00035231855i[BIOS  ] $Revision: 13752 $ $Date: 2019-12-30 14:16:18 +0100 (Mon, 30 Dec 2019) $
00035545053i[KBD   ] reset-disable command received
00035547830i[BIOS  ] Starting rombios32
00035548268i[BIOS  ] Shutdown flag 0
00035548858i[BIOS  ] ram_size=0x02000000
00035549280i[BIOS  ] ram_end=32MB
00035589858i[BIOS  ] Found 1 cpu(s)
00035603510i[BIOS  ] bios_table_addr: 0x000f9db8 end=0x000fcc00
00035931331i[PCI   ] i440FX PMC write to PAM register 59 (TLB Flush)
00036259261i[P2ISA ] PCI IRQ routing: PIRQA# set to 0x0b
00036259280i[P2ISA ] PCI IRQ routing: PIRQB# set to 0x09
00036259299i[P2ISA ] PCI IRQ routing: PIRQC# set to 0x0b
00036259318i[P2ISA ] PCI IRQ routing: PIRQD# set to 0x09
00036259328i[P2ISA ] write: ELCR2 = 0x0a
00036260098i[BIOS  ] PIIX3/PIIX4 init: elcr=00 0a
00036273722i[BIOS  ] PCI: bus=0 devfn=0x00: vendor_id=0x8086 device_id=0x1237 class=0x0600
00036276035i[BIOS  ] PCI: bus=0 devfn=0x08: vendor_id=0x8086 device_id=0x7000 class=0x0601
00036278187i[BIOS  ] PCI: bus=0 devfn=0x09: vendor_id=0x8086 device_id=0x7010 class=0x0101
00036279038i[BIOS  ] region 4: 0x0000c000
00036281103i[BIOS  ] PCI: bus=0 devfn=0x0b: vendor_id=0x8086 device_id=0x7113 class=0x0680
00036281347i[ACPI  ] new IRQ line = 11
00036281361i[ACPI  ] new IRQ line = 9
00036281430i[PCI   ] setting SMRAM control register to 0x4a
00036445523i[CPU0  ] Enter to System Management Mode
00036445534i[CPU0  ] RSM: Resuming from System Management Mode
00036609555i[PCI   ] setting SMRAM control register to 0x0a
00036636229i[BIOS  ] MP table addr=0x000f9e90 MPC table addr=0x000f9dc0 size=0xc8
00036638100i[BIOS  ] SMBIOS table addr=0x000f9ea0
00036640286i[BIOS  ] ACPI tables: RSDP addr=0x000f9fd0 ACPI DATA addr=0x01ff0000 size=0xff8
00036643533i[BIOS  ] Firmware waking vector 0x1ff00cc
00036646013i[PCI   ] i440FX PMC write to PAM register 59 (TLB Flush)
00036646736i[BIOS  ] bios_table_cur_addr: 0x000f9ff4
00036775607i[VBIOS ] VGABios $Id: vgabios.c 226 2020-01-02 21:36:23Z vruppert $
00036775678i[BXVGA ] VBE known Display Interface b0c0
00036775710i[BXVGA ] VBE known Display Interface b0c5
00036778353i[VBIOS ] VBE Bios $Id: vbe.c 228 2020-01-02 23:09:02Z vruppert $
00037126192i[BIOS  ] ata0-0: PCHS=121/16/63 translation=none LCHS=121/16/63
00040573370i[BIOS  ] IDE time out
00042422296i[XGUI  ] charmap update. Font is 9 x 16
00052612005i[BIOS  ] Booting from 0000:7c00
00052830808e[CPU0  ] interrupt(): gate descriptor is not valid sys seg (vector=0x0e)
00052830808e[CPU0  ] interrupt(): gate descriptor is not valid sys seg (vector=0x08)
00052830808i[CPU0  ] CPU is in protected mode (active)
00052830808i[CPU0  ] CS.mode = 32 bit
00052830808i[CPU0  ] SS.mode = 32 bit
00052830808i[CPU0  ] EFER   = 0x00000000
00052830808i[CPU0  ] | EAX=e0000011  EBX=00170000  ECX=ffffffff  EDX=00100000
00052830808i[CPU0  ] | ESP=c00008ec  EBP=00000000  ESI=00000400  EDI=000003f8
00052830808i[CPU0  ] | IOPL=0 id vip vif ac vm RF nt of df if tf sf zf af PF cf
00052830808i[CPU0  ] | SEG sltr(index|ti|rpl)     base    limit G D
00052830808i[CPU0  ] |  CS:0008( 0001| 0|  0) 00000000 f0000fff 1 1
00052830808i[CPU0  ] |  DS:0010( 0002| 0|  0) 00000000 f0000fff 1 1
00052830808i[CPU0  ] |  SS:0010( 0002| 0|  0) 00000000 f0000fff 1 1
00052830808i[CPU0  ] |  ES:0010( 0002| 0|  0) 00000000 f0000fff 1 1
00052830808i[CPU0  ] |  FS:0000( 0005| 0|  0) 00000000 0000ffff 0 0
00052830808i[CPU0  ] |  GS:0018( 0003| 0|  0) 000b8000 00007fff 1 1
00052830808i[CPU0  ] | EIP=00000df5 (00000df5)
00052830808i[CPU0  ] | CR0=0xe0000011 CR2=0x00170000
00052830808i[CPU0  ] | CR3=0x00100000 CR4=0x00000000
00052830808e[CPU0  ] exception(): 3rd (13) exception with no resolution, shutdown status is 00h, resetting
00052830808i[SYS   ] bx_pc_system_c::Reset(HARDWARE) called
00052830808i[CPU0  ] cpu hardware reset
00052830808i[APIC0 ] allocate APIC id=0 (MMIO enabled) to 0x0000fee00000
00052830808i[CPU0  ] CPUID[0x00000000]: 00000005 756e6547 6c65746e 49656e69
00052830808i[CPU0  ] CPUID[0x00000001]: 00000633 00010800 00000008 1fcbfbff
00052830808i[CPU0  ] CPUID[0x00000002]: 00410601 00000000 00000000 00000000
00052830808i[CPU0  ] CPUID[0x00000003]: 00000000 00000000 00000000 00000000
00052830808i[CPU0  ] CPUID[0x00000004]: 00000000 00000000 00000000 00000000
00052830808i[CPU0  ] CPUID[0x00000005]: 00000040 00000040 00000003 00000020
00052830808i[CPU0  ] CPUID[0x80000000]: 80000008 00000000 00000000 00000000
00052830808i[CPU0  ] CPUID[0x80000001]: 00000000 00000000 00000000 00000000
00052830808i[CPU0  ] CPUID[0x80000002]: 20202020 20202020 20202020 6e492020
00052830808i[CPU0  ] CPUID[0x80000003]: 286c6574 50202952 69746e65 52286d75
00052830808i[CPU0  ] CPUID[0x80000004]: 20342029 20555043 20202020 00202020
00052830808i[CPU0  ] CPUID[0x80000005]: 01ff01ff 01ff01ff 40020140 40020140
00052830808i[CPU0  ] CPUID[0x80000006]: 00000000 42004200 02008140 00000000
00052830808i[CPU0  ] CPUID[0x80000007]: 00000000 00000000 00000000 00000000
00052830808i[CPU0  ] CPUID[0x80000008]: 00002028 00000000 00000000 00000000
00052830808i[CPU0  ] CPU Features supported:
00052830808i[CPU0  ] 		x87
00052830808i[CPU0  ] 		486ni
00052830808i[CPU0  ] 		pentium_ni
00052830808i[CPU0  ] 		p6ni
00052830808i[CPU0  ] 		mmx
00052830808i[CPU0  ] 		debugext
00052830808i[CPU0  ] 		vme
00052830808i[CPU0  ] 		pse
00052830808i[CPU0  ] 		pae
00052830808i[CPU0  ] 		pge
00052830808i[CPU0  ] 		pse36
00052830808i[CPU0  ] 		mtrr
00052830808i[CPU0  ] 		pat
00052830808i[CPU0  ] 		sysenter_sysexit
00052830808i[CPU0  ] 		clflush
00052830808i[CPU0  ] 		sse
00052830808i[CPU0  ] 		sse2
00052830808i[CPU0  ] 		mwait
00052830808i[CPU0  ] 		xapic
00052830808i[PLUGIN] reset of 'pci' plugin device by virtual method
00052830808i[PLUGIN] reset of 'pci2isa' plugin device by virtual method
00052830808i[PLUGIN] reset of 'cmos' plugin device by virtual method
00052830808i[PLUGIN] reset of 'dma' plugin device by virtual method
00052830808i[PLUGIN] reset of 'pic' plugin device by virtual method
00052830808i[PLUGIN] reset of 'pit' plugin device by virtual method
00052830808i[PLUGIN] reset of 'vga' plugin device by virtual method
00052830808i[PLUGIN] reset of 'floppy' plugin device by virtual method
00052830808i[PLUGIN] reset of 'acpi' plugin device by virtual method
00052830808i[PLUGIN] reset of 'hpet' plugin device by virtual method
00052830808i[PLUGIN] reset of 'ioapic' plugin device by virtual method
00052830808i[PLUGIN] reset of 'keyboard' plugin device by virtual method
00052830808i[PLUGIN] reset of 'harddrv' plugin device by virtual method
00052830808i[PLUGIN] reset of 'pci_ide' plugin device by virtual method
00052830808i[PLUGIN] reset of 'unmapped' plugin device by virtual method
00052830808i[PLUGIN] reset of 'biosdev' plugin device by virtual method
00052830808i[PLUGIN] reset of 'speaker' plugin device by virtual method
00052830808i[PLUGIN] reset of 'extfpuirq' plugin device by virtual method
00052830808i[PLUGIN] reset of 'parallel' plugin device by virtual method
00052830808i[PLUGIN] reset of 'serial' plugin device by virtual method
00052830808i[PLUGIN] reset of 'iodebug' plugin device by virtual method
00052835471i[BIOS  ] $Revision: 13752 $ $Date: 2019-12-30 14:16:18 +0100 (Mon, 30 Dec 2019) $
00053149049i[KBD   ] reset-disable command received
00053151826i[BIOS  ] Starting rombios32
00053152264i[BIOS  ] Shutdown flag 0
00053152854i[BIOS  ] ram_size=0x02000000
00053153276i[BIOS  ] ram_end=32MB
00053193800i[BIOS  ] Found 1 cpu(s)
00053207452i[BIOS  ] bios_table_addr: 0x000f9db8 end=0x000fcc00
00053535273i[PCI   ] i440FX PMC write to PAM register 59 (TLB Flush)
00053863203i[P2ISA ] PCI IRQ routing: PIRQA# set to 0x0b
00053863222i[P2ISA ] PCI IRQ routing: PIRQB# set to 0x09
00053863241i[P2ISA ] PCI IRQ routing: PIRQC# set to 0x0b
00053863260i[P2ISA ] PCI IRQ routing: PIRQD# set to 0x09
00053863270i[P2ISA ] write: ELCR2 = 0x0a
00053864040i[BIOS  ] PIIX3/PIIX4 init: elcr=00 0a
00053877664i[BIOS  ] PCI: bus=0 devfn=0x00: vendor_id=0x8086 device_id=0x1237 class=0x0600
00053879977i[BIOS  ] PCI: bus=0 devfn=0x08: vendor_id=0x8086 device_id=0x7000 class=0x0601
00053882129i[BIOS  ] PCI: bus=0 devfn=0x09: vendor_id=0x8086 device_id=0x7010 class=0x0101
00053882980i[BIOS  ] region 4: 0x0000c000
00053885045i[BIOS  ] PCI: bus=0 devfn=0x0b: vendor_id=0x8086 device_id=0x7113 class=0x0680
00053885289i[ACPI  ] new IRQ line = 11
00053885303i[ACPI  ] new IRQ line = 9
00053885372i[PCI   ] setting SMRAM control register to 0x4a
00054049465i[CPU0  ] Enter to System Management Mode
00054049476i[CPU0  ] RSM: Resuming from System Management Mode
00054213497i[PCI   ] setting SMRAM control register to 0x0a
00054240171i[BIOS  ] MP table addr=0x000f9e90 MPC table addr=0x000f9dc0 size=0xc8
00054242042i[BIOS  ] SMBIOS table addr=0x000f9ea0
00054244228i[BIOS  ] ACPI tables: RSDP addr=0x000f9fd0 ACPI DATA addr=0x01ff0000 size=0xff8
00054247475i[BIOS  ] Firmware waking vector 0x1ff00cc
00054249955i[PCI   ] i440FX PMC write to PAM register 59 (TLB Flush)
00054250678i[BIOS  ] bios_table_cur_addr: 0x000f9ff4
00054379549i[VBIOS ] VGABios $Id: vgabios.c 226 2020-01-02 21:36:23Z vruppert $
00054379620i[BXVGA ] VBE known Display Interface b0c0
00054379652i[BXVGA ] VBE known Display Interface b0c5
00054382295i[VBIOS ] VBE Bios $Id: vbe.c 228 2020-01-02 23:09:02Z vruppert $
00054730134i[BIOS  ] ata0-0: PCHS=121/16/63 translation=none LCHS=121/16/63
00055294616i[XGUI  ] charmap update. Font is 9 x 16
00058177312i[BIOS  ] IDE time out
00070215627i[BIOS  ] Booting from 0000:7c00
00070434430e[CPU0  ] interrupt(): gate descriptor is not valid sys seg (vector=0x0e)
00070434430e[CPU0  ] interrupt(): gate descriptor is not valid sys seg (vector=0x08)
00070434430i[CPU0  ] CPU is in protected mode (active)
00070434430i[CPU0  ] CS.mode = 32 bit
00070434430i[CPU0  ] SS.mode = 32 bit
00070434430i[CPU0  ] EFER   = 0x00000000
00070434430i[CPU0  ] | EAX=e0000011  EBX=00170000  ECX=ffffffff  EDX=00100000
00070434430i[CPU0  ] | ESP=c00008ec  EBP=00000000  ESI=00000400  EDI=000003f8
00070434430i[CPU0  ] | IOPL=0 id vip vif ac vm RF nt of df if tf sf zf af PF cf
00070434430i[CPU0  ] | SEG sltr(index|ti|rpl)     base    limit G D
00070434430i[CPU0  ] |  CS:0008( 0001| 0|  0) 00000000 f0000fff 1 1
00070434430i[CPU0  ] |  DS:0010( 0002| 0|  0) 00000000 f0000fff 1 1
00070434430i[CPU0  ] |  SS:0010( 0002| 0|  0) 00000000 f0000fff 1 1
00070434430i[CPU0  ] |  ES:0010( 0002| 0|  0) 00000000 f0000fff 1 1
00070434430i[CPU0  ] |  FS:0000( 0005| 0|  0) 00000000 0000ffff 0 0
00070434430i[CPU0  ] |  GS:0018( 0003| 0|  0) 000b8000 00007fff 1 1
00070434430i[CPU0  ] | EIP=00000df5 (00000df5)
00070434430i[CPU0  ] | CR0=0xe0000011 CR2=0x00170000
00070434430i[CPU0  ] | CR3=0x00100000 CR4=0x00000000
00070434430e[CPU0  ] exception(): 3rd (13) exception with no resolution, shutdown status is 00h, resetting
00070434430i[SYS   ] bx_pc_system_c::Reset(HARDWARE) called
00070434430i[CPU0  ] cpu hardware reset
00070434430i[APIC0 ] allocate APIC id=0 (MMIO enabled) to 0x0000fee00000
00070434430i[CPU0  ] CPUID[0x00000000]: 00000005 756e6547 6c65746e 49656e69
00070434430i[CPU0  ] CPUID[0x00000001]: 00000633 00010800 00000008 1fcbfbff
00070434430i[CPU0  ] CPUID[0x00000002]: 00410601 00000000 00000000 00000000
00070434430i[CPU0  ] CPUID[0x00000003]: 00000000 00000000 00000000 00000000
00070434430i[CPU0  ] CPUID[0x00000004]: 00000000 00000000 00000000 00000000
00070434430i[CPU0  ] CPUID[0x00000005]: 00000040 00000040 00000003 00000020
00070434430i[CPU0  ] CPUID[0x80000000]: 80000008 00000000 00000000 00000000
00070434430i[CPU0  ] CPUID[0x80000001]: 00000000 00000000 00000000 00000000
00070434430i[CPU0  ] CPUID[0x80000002]: 20202020 20202020 20202020 6e492020
00070434430i[CPU0  ] CPUID[0x80000003]: 286c6574 50202952 69746e65 52286d75
00070434430i[CPU0  ] CPUID[0x80000004]: 20342029 20555043 20202020 00202020
00070434430i[CPU0  ] CPUID[0x80000005]: 01ff01ff 01ff01ff 40020140 40020140
00070434430i[CPU0  ] CPUID[0x80000006]: 00000000 42004200 02008140 00000000
00070434430i[CPU0  ] CPUID[0x80000007]: 00000000 00000000 00000000 00000000
00070434430i[CPU0  ] CPUID[0x80000008]: 00002028 00000000 00000000 00000000
00070434430i[CPU0  ] CPU Features supported:
00070434430i[CPU0  ] 		x87
00070434430i[CPU0  ] 		486ni
00070434430i[CPU0  ] 		pentium_ni
00070434430i[CPU0  ] 		p6ni
00070434430i[CPU0  ] 		mmx
00070434430i[CPU0  ] 		debugext
00070434430i[CPU0  ] 		vme
00070434430i[CPU0  ] 		pse
00070434430i[CPU0  ] 		pae
00070434430i[CPU0  ] 		pge
00070434430i[CPU0  ] 		pse36
00070434430i[CPU0  ] 		mtrr
00070434430i[CPU0  ] 		pat
00070434430i[CPU0  ] 		sysenter_sysexit
00070434430i[CPU0  ] 		clflush
00070434430i[CPU0  ] 		sse
00070434430i[CPU0  ] 		sse2
00070434430i[CPU0  ] 		mwait
00070434430i[CPU0  ] 		xapic
00070434430i[PLUGIN] reset of 'pci' plugin device by virtual method
00070434430i[PLUGIN] reset of 'pci2isa' plugin device by virtual method
00070434430i[PLUGIN] reset of 'cmos' plugin device by virtual method
00070434430i[PLUGIN] reset of 'dma' plugin device by virtual method
00070434430i[PLUGIN] reset of 'pic' plugin device by virtual method
00070434430i[PLUGIN] reset of 'pit' plugin device by virtual method
00070434430i[PLUGIN] reset of 'vga' plugin device by virtual method
00070434430i[PLUGIN] reset of 'floppy' plugin device by virtual method
00070434430i[PLUGIN] reset of 'acpi' plugin device by virtual method
00070434430i[PLUGIN] reset of 'hpet' plugin device by virtual method
00070434430i[PLUGIN] reset of 'ioapic' plugin device by virtual method
00070434430i[PLUGIN] reset of 'keyboard' plugin device by virtual method
00070434430i[PLUGIN] reset of 'harddrv' plugin device by virtual method
00070434430i[PLUGIN] reset of 'pci_ide' plugin device by virtual method
00070434430i[PLUGIN] reset of 'unmapped' plugin device by virtual method
00070434430i[PLUGIN] reset of 'biosdev' plugin device by virtual method
00070434430i[PLUGIN] reset of 'speaker' plugin device by virtual method
00070434430i[PLUGIN] reset of 'extfpuirq' plugin device by virtual method
00070434430i[PLUGIN] reset of 'parallel' plugin device by virtual method
00070434430i[PLUGIN] reset of 'serial' plugin device by virtual method
00070434430i[PLUGIN] reset of 'iodebug' plugin device by virtual method
00070439093i[BIOS  ] $Revision: 13752 $ $Date: 2019-12-30 14:16:18 +0100 (Mon, 30 Dec 2019) $
00070753051i[KBD   ] reset-disable command received
00070755828i[BIOS  ] Starting rombios32
00070756266i[BIOS  ] Shutdown flag 0
00070756856i[BIOS  ] ram_size=0x02000000
00070757278i[BIOS  ] ram_end=32MB
00070797856i[BIOS  ] Found 1 cpu(s)
00070811508i[BIOS  ] bios_table_addr: 0x000f9db8 end=0x000fcc00
00071139329i[PCI   ] i440FX PMC write to PAM register 59 (TLB Flush)
00071467259i[P2ISA ] PCI IRQ routing: PIRQA# set to 0x0b
00071467278i[P2ISA ] PCI IRQ routing: PIRQB# set to 0x09
00071467297i[P2ISA ] PCI IRQ routing: PIRQC# set to 0x0b
00071467316i[P2ISA ] PCI IRQ routing: PIRQD# set to 0x09
00071467326i[P2ISA ] write: ELCR2 = 0x0a
00071468096i[BIOS  ] PIIX3/PIIX4 init: elcr=00 0a
00071481720i[BIOS  ] PCI: bus=0 devfn=0x00: vendor_id=0x8086 device_id=0x1237 class=0x0600
00071484033i[BIOS  ] PCI: bus=0 devfn=0x08: vendor_id=0x8086 device_id=0x7000 class=0x0601
00071486185i[BIOS  ] PCI: bus=0 devfn=0x09: vendor_id=0x8086 device_id=0x7010 class=0x0101
00071487036i[BIOS  ] region 4: 0x0000c000
00071489101i[BIOS  ] PCI: bus=0 devfn=0x0b: vendor_id=0x8086 device_id=0x7113 class=0x0680
00071489345i[ACPI  ] new IRQ line = 11
00071489359i[ACPI  ] new IRQ line = 9
00071489428i[PCI   ] setting SMRAM control register to 0x4a
00071653521i[CPU0  ] Enter to System Management Mode
00071653532i[CPU0  ] RSM: Resuming from System Management Mode
00071817553i[PCI   ] setting SMRAM control register to 0x0a
00071844227i[BIOS  ] MP table addr=0x000f9e90 MPC table addr=0x000f9dc0 size=0xc8
00071846098i[BIOS  ] SMBIOS table addr=0x000f9ea0
00071848284i[BIOS  ] ACPI tables: RSDP addr=0x000f9fd0 ACPI DATA addr=0x01ff0000 size=0xff8
00071851531i[BIOS  ] Firmware waking vector 0x1ff00cc
00071854011i[PCI   ] i440FX PMC write to PAM register 59 (TLB Flush)
00071854734i[BIOS  ] bios_table_cur_addr: 0x000f9ff4
00071983605i[VBIOS ] VGABios $Id: vgabios.c 226 2020-01-02 21:36:23Z vruppert $
00071983676i[BXVGA ] VBE known Display Interface b0c0
00071983708i[BXVGA ] VBE known Display Interface b0c5
00071986351i[VBIOS ] VBE Bios $Id: vbe.c 228 2020-01-02 23:09:02Z vruppert $
00072334190i[BIOS  ] ata0-0: PCHS=121/16/63 translation=none LCHS=121/16/63
00075781368i[BIOS  ] IDE time out
00087819243i[BIOS  ] Booting from 0000:7c00
00087819298i[XGUI  ] charmap update. Font is 9 x 16
00088038046e[CPU0  ] interrupt(): gate descriptor is not valid sys seg (vector=0x0e)
00088038046e[CPU0  ] interrupt(): gate descriptor is not valid sys seg (vector=0x08)
00088038046i[CPU0  ] CPU is in protected mode (active)
00088038046i[CPU0  ] CS.mode = 32 bit
00088038046i[CPU0  ] SS.mode = 32 bit
00088038046i[CPU0  ] EFER   = 0x00000000
00088038046i[CPU0  ] | EAX=e0000011  EBX=00170000  ECX=ffffffff  EDX=00100000
00088038046i[CPU0  ] | ESP=c00008ec  EBP=00000000  ESI=00000400  EDI=000003f8
00088038046i[CPU0  ] | IOPL=0 id vip vif ac vm RF nt of df if tf sf zf af PF cf
00088038046i[CPU0  ] | SEG sltr(index|ti|rpl)     base    limit G D
00088038046i[CPU0  ] |  CS:0008( 0001| 0|  0) 00000000 f0000fff 1 1
00088038046i[CPU0  ] |  DS:0010( 0002| 0|  0) 00000000 f0000fff 1 1
00088038046i[CPU0  ] |  SS:0010( 0002| 0|  0) 00000000 f0000fff 1 1
00088038046i[CPU0  ] |  ES:0010( 0002| 0|  0) 00000000 f0000fff 1 1
00088038046i[CPU0  ] |  FS:0000( 0005| 0|  0) 00000000 0000ffff 0 0
00088038046i[CPU0  ] |  GS:0018( 0003| 0|  0) 000b8000 00007fff 1 1
00088038046i[CPU0  ] | EIP=00000df5 (00000df5)
00088038046i[CPU0  ] | CR0=0xe0000011 CR2=0x00170000
00088038046i[CPU0  ] | CR3=0x00100000 CR4=0x00000000
00088038046e[CPU0  ] exception(): 3rd (13) exception with no resolution, shutdown status is 00h, resetting
00088038046i[SYS   ] bx_pc_system_c::Reset(HARDWARE) called
00088038046i[CPU0  ] cpu hardware reset
00088038046i[APIC0 ] allocate APIC id=0 (MMIO enabled) to 0x0000fee00000
00088038046i[CPU0  ] CPUID[0x00000000]: 00000005 756e6547 6c65746e 49656e69
00088038046i[CPU0  ] CPUID[0x00000001]: 00000633 00010800 00000008 1fcbfbff
00088038046i[CPU0  ] CPUID[0x00000002]: 00410601 00000000 00000000 00000000
00088038046i[CPU0  ] CPUID[0x00000003]: 00000000 00000000 00000000 00000000
00088038046i[CPU0  ] CPUID[0x00000004]: 00000000 00000000 00000000 00000000
00088038046i[CPU0  ] CPUID[0x00000005]: 00000040 00000040 00000003 00000020
00088038046i[CPU0  ] CPUID[0x80000000]: 80000008 00000000 00000000 00000000
00088038046i[CPU0  ] CPUID[0x80000001]: 00000000 00000000 00000000 00000000
00088038046i[CPU0  ] CPUID[0x80000002]: 20202020 20202020 20202020 6e492020
00088038046i[CPU0  ] CPUID[0x80000003]: 286c6574 50202952 69746e65 52286d75
00088038046i[CPU0  ] CPUID[0x80000004]: 20342029 20555043 20202020 00202020
00088038046i[CPU0  ] CPUID[0x80000005]: 01ff01ff 01ff01ff 40020140 40020140
00088038046i[CPU0  ] CPUID[0x80000006]: 00000000 42004200 02008140 00000000
00088038046i[CPU0  ] CPUID[0x80000007]: 00000000 00000000 00000000 00000000
00088038046i[CPU0  ] CPUID[0x80000008]: 00002028 00000000 00000000 00000000
00088038046i[CPU0  ] CPU Features supported:
00088038046i[CPU0  ] 		x87
00088038046i[CPU0  ] 		486ni
00088038046i[CPU0  ] 		pentium_ni
00088038046i[CPU0  ] 		p6ni
00088038046i[CPU0  ] 		mmx
00088038046i[CPU0  ] 		debugext
00088038046i[CPU0  ] 		vme
00088038046i[CPU0  ] 		pse
00088038046i[CPU0  ] 		pae
00088038046i[CPU0  ] 		pge
00088038046i[CPU0  ] 		pse36
00088038046i[CPU0  ] 		mtrr
00088038046i[CPU0  ] 		pat
00088038046i[CPU0  ] 		sysenter_sysexit
00088038046i[CPU0  ] 		clflush
00088038046i[CPU0  ] 		sse
00088038046i[CPU0  ] 		sse2
00088038046i[CPU0  ] 		mwait
00088038046i[CPU0  ] 		xapic
00088038046i[PLUGIN] reset of 'pci' plugin device by virtual method
00088038046i[PLUGIN] reset of 'pci2isa' plugin device by virtual method
00088038046i[PLUGIN] reset of 'cmos' plugin device by virtual method
00088038046i[PLUGIN] reset of 'dma' plugin device by virtual method
00088038046i[PLUGIN] reset of 'pic' plugin device by virtual method
00088038046i[PLUGIN] reset of 'pit' plugin device by virtual method
00088038046i[PLUGIN] reset of 'vga' plugin device by virtual method
00088038046i[PLUGIN] reset of 'floppy' plugin device by virtual method
00088038046i[PLUGIN] reset of 'acpi' plugin device by virtual method
00088038046i[PLUGIN] reset of 'hpet' plugin device by virtual method
00088038046i[PLUGIN] reset of 'ioapic' plugin device by virtual method
00088038046i[PLUGIN] reset of 'keyboard' plugin device by virtual method
00088038046i[PLUGIN] reset of 'harddrv' plugin device by virtual method
00088038046i[PLUGIN] reset of 'pci_ide' plugin device by virtual method
00088038046i[PLUGIN] reset of 'unmapped' plugin device by virtual method
00088038046i[PLUGIN] reset of 'biosdev' plugin device by virtual method
00088038046i[PLUGIN] reset of 'speaker' plugin device by virtual method
00088038046i[PLUGIN] reset of 'extfpuirq' plugin device by virtual method
00088038046i[PLUGIN] reset of 'parallel' plugin device by virtual method
00088038046i[PLUGIN] reset of 'serial' plugin device by virtual method
00088038046i[PLUGIN] reset of 'iodebug' plugin device by virtual method
00088042709i[BIOS  ] $Revision: 13752 $ $Date: 2019-12-30 14:16:18 +0100 (Mon, 30 Dec 2019) $
00088356059i[KBD   ] reset-disable command received
00088358836i[BIOS  ] Starting rombios32
00088359274i[BIOS  ] Shutdown flag 0
00088359864i[BIOS  ] ram_size=0x02000000
00088360286i[BIOS  ] ram_end=32MB
00088400837i[BIOS  ] Found 1 cpu(s)
00088414489i[BIOS  ] bios_table_addr: 0x000f9db8 end=0x000fcc00
00088742310i[PCI   ] i440FX PMC write to PAM register 59 (TLB Flush)
00089070240i[P2ISA ] PCI IRQ routing: PIRQA# set to 0x0b
00089070259i[P2ISA ] PCI IRQ routing: PIRQB# set to 0x09
00089070278i[P2ISA ] PCI IRQ routing: PIRQC# set to 0x0b
00089070297i[P2ISA ] PCI IRQ routing: PIRQD# set to 0x09
00089070307i[P2ISA ] write: ELCR2 = 0x0a
00089071077i[BIOS  ] PIIX3/PIIX4 init: elcr=00 0a
00089084701i[BIOS  ] PCI: bus=0 devfn=0x00: vendor_id=0x8086 device_id=0x1237 class=0x0600
00089087014i[BIOS  ] PCI: bus=0 devfn=0x08: vendor_id=0x8086 device_id=0x7000 class=0x0601
00089089166i[BIOS  ] PCI: bus=0 devfn=0x09: vendor_id=0x8086 device_id=0x7010 class=0x0101
00089090017i[BIOS  ] region 4: 0x0000c000
00089092082i[BIOS  ] PCI: bus=0 devfn=0x0b: vendor_id=0x8086 device_id=0x7113 class=0x0680
00089092326i[ACPI  ] new IRQ line = 11
00089092340i[ACPI  ] new IRQ line = 9
00089092409i[PCI   ] setting SMRAM control register to 0x4a
00089256502i[CPU0  ] Enter to System Management Mode
00089256513i[CPU0  ] RSM: Resuming from System Management Mode
00089420534i[PCI   ] setting SMRAM control register to 0x0a
00089447208i[BIOS  ] MP table addr=0x000f9e90 MPC table addr=0x000f9dc0 size=0xc8
00089449079i[BIOS  ] SMBIOS table addr=0x000f9ea0
00089451265i[BIOS  ] ACPI tables: RSDP addr=0x000f9fd0 ACPI DATA addr=0x01ff0000 size=0xff8
00089454512i[BIOS  ] Firmware waking vector 0x1ff00cc
00089456992i[PCI   ] i440FX PMC write to PAM register 59 (TLB Flush)
00089457715i[BIOS  ] bios_table_cur_addr: 0x000f9ff4
00089586586i[VBIOS ] VGABios $Id: vgabios.c 226 2020-01-02 21:36:23Z vruppert $
00089586657i[BXVGA ] VBE known Display Interface b0c0
00089586689i[BXVGA ] VBE known Display Interface b0c5
00089589332i[VBIOS ] VBE Bios $Id: vbe.c 228 2020-01-02 23:09:02Z vruppert $
00089937171i[BIOS  ] ata0-0: PCHS=121/16/63 translation=none LCHS=121/16/63
00093384349i[BIOS  ] IDE time out
00105422854i[BIOS  ] Booting from 0000:7c00
00105422909i[XGUI  ] charmap update. Font is 9 x 16
00105422909i[CPU0  ] CPU is in real mode (active)
00105422909i[CPU0  ] CS.mode = 16 bit
00105422909i[CPU0  ] SS.mode = 16 bit
00105422909i[CPU0  ] EFER   = 0x00000000
00105422909i[CPU0  ] | EAX=0000aa55  EBX=00000000  ECX=00090000  EDX=00000080
00105422909i[CPU0  ] | ESP=0000ffd6  EBP=00000000  ESI=000e0000  EDI=0000ffac
00105422909i[CPU0  ] | IOPL=0 id vip vif ac vm rf nt of df if tf SF zf af pf cf
00105422909i[CPU0  ] | SEG sltr(index|ti|rpl)     base    limit G D
00105422909i[CPU0  ] |  CS:0000( 0004| 0|  0) 00000000 0000ffff 0 0
00105422909i[CPU0  ] |  DS:0000( 0005| 0|  0) 00000000 0000ffff 0 0
00105422909i[CPU0  ] |  SS:0000( 0005| 0|  0) 00000000 0000ffff 0 0
00105422909i[CPU0  ] |  ES:0000( 0005| 0|  0) 00000000 0000ffff 0 0
00105422909i[CPU0  ] |  FS:0000( 0005| 0|  0) 00000000 0000ffff 0 0
00105422909i[CPU0  ] |  GS:0000( 0005| 0|  0) 00000000 0000ffff 0 0
00105422909i[CPU0  ] | EIP=00007c00 (00007c00)
00105422909i[CPU0  ] | CR0=0x60000010 CR2=0x00000000
00105422909i[CPU0  ] | CR3=0x00000000 CR4=0x00000000
00105422909i[CMOS  ] Last time is 1583323300 (Wed Mar  4 20:01:40 2020)
